[2025-04-24 10:02:53,840] 16 root - INFO - Initiate the data ingestion
[2025-04-24 10:02:56,243] 65 root - INFO - Performed train test split on the dataframe
[2025-04-24 10:02:56,243] 66 root - INFO - Exited split_data_as_train_test method of Data_Ingestion class
[2025-04-24 10:02:56,243] 70 root - INFO - Exporting train and test file path
[2025-04-24 10:02:56,298] 78 root - INFO - Exported train and test file path
[2025-04-24 10:02:56,298] 19 root - INFO - Data initiation Completed
[2025-04-24 10:02:56,302] 23 root - INFO - Initiate the data validation
[2025-04-24 10:02:56,341] 37 root - INFO - Required number of columns:2
[2025-04-24 10:02:56,342] 38 root - INFO - Data Frame has columns: 31
[2025-04-24 10:02:56,342] 37 root - INFO - Required number of columns:2
[2025-04-24 10:02:56,342] 38 root - INFO - Data Frame has columns: 31
[2025-04-24 10:02:56,343] 61 root - INFO - having_IP_Address-> p-value: 0.9768257339308284, Drift: False
[2025-04-24 10:02:56,347] 61 root - INFO - URL_Length-> p-value: 0.9999999439197564, Drift: False
[2025-04-24 10:02:56,349] 61 root - INFO - Shortining_Service-> p-value: 1.0, Drift: False
[2025-04-24 10:02:56,350] 61 root - INFO - having_At_Symbol-> p-value: 0.9317405428221537, Drift: False
[2025-04-24 10:02:56,353] 61 root - INFO - double_slash_redirecting-> p-value: 1.0, Drift: False
[2025-04-24 10:02:56,356] 61 root - INFO - Prefix_Suffix-> p-value: 1.0, Drift: False
[2025-04-24 10:02:56,359] 61 root - INFO - having_Sub_Domain-> p-value: 0.9999999962612656, Drift: False
[2025-04-24 10:02:56,362] 61 root - INFO - SSLfinal_State-> p-value: 1.0, Drift: False
[2025-04-24 10:02:56,364] 61 root - INFO - Domain_registeration_length-> p-value: 0.8624907735168821, Drift: False
[2025-04-24 10:02:56,366] 61 root - INFO - Favicon-> p-value: 0.9999999999952338, Drift: False
[2025-04-24 10:02:56,369] 61 root - INFO - port-> p-value: 1.0, Drift: False
[2025-04-24 10:02:56,370] 61 root - INFO - HTTPS_token-> p-value: 0.9999148748234266, Drift: False
[2025-04-24 10:02:56,371] 61 root - INFO - Request_URL-> p-value: 0.6113493016762657, Drift: False
[2025-04-24 10:02:56,372] 61 root - INFO - URL_of_Anchor-> p-value: 0.9992001088769269, Drift: False
[2025-04-24 10:02:56,376] 61 root - INFO - Links_in_tags-> p-value: 0.9999999797009747, Drift: False
[2025-04-24 10:02:56,377] 61 root - INFO - SFH-> p-value: 0.7518037259936439, Drift: False
[2025-04-24 10:02:56,380] 61 root - INFO - Submitting_to_email-> p-value: 0.9999999999999994, Drift: False
[2025-04-24 10:02:56,383] 61 root - INFO - Abnormal_URL-> p-value: 0.999999999973084, Drift: False
[2025-04-24 10:02:56,386] 61 root - INFO - Redirect-> p-value: 0.9999999999999994, Drift: False
[2025-04-24 10:02:56,387] 61 root - INFO - on_mouseover-> p-value: 1.0, Drift: False
[2025-04-24 10:02:56,389] 61 root - INFO - RightClick-> p-value: 1.0, Drift: False
[2025-04-24 10:02:56,392] 61 root - INFO - popUpWidnow-> p-value: 1.0, Drift: False
[2025-04-24 10:02:56,394] 61 root - INFO - Iframe-> p-value: 1.0, Drift: False
[2025-04-24 10:02:56,397] 61 root - INFO - age_of_domain-> p-value: 1.0, Drift: False
[2025-04-24 10:02:56,398] 61 root - INFO - DNSRecord-> p-value: 0.9567950838314809, Drift: False
[2025-04-24 10:02:56,399] 61 root - INFO - web_traffic-> p-value: 0.9591630531107942, Drift: False
[2025-04-24 10:02:56,403] 61 root - INFO - Page_Rank-> p-value: 0.99999999945476, Drift: False
[2025-04-24 10:02:56,405] 61 root - INFO - Google_Index-> p-value: 1.0, Drift: False
[2025-04-24 10:02:56,407] 61 root - INFO - Links_pointing_to_page-> p-value: 0.8198631234262612, Drift: False
[2025-04-24 10:02:56,407] 61 root - INFO - Statistical_report-> p-value: 1.0, Drift: False
[2025-04-24 10:02:56,410] 61 root - INFO - Result-> p-value: 0.9999992399051418, Drift: False
[2025-04-24 10:02:56,467] 26 root - INFO - data validation completed
[2025-04-24 10:02:56,468] 31 root - INFO - Initiate the data transformation
[2025-04-24 10:02:56,468] 65 root - INFO - Entered initiate_data_transformation method of DataTransformation class
[2025-04-24 10:02:56,468] 67 root - INFO - starting data transformation
[2025-04-24 10:02:56,489] 50 root - INFO - Entered get_data_stransformer_object method of transformation class
[2025-04-24 10:02:56,489] 55 root - INFO - Initialise KNNImputer with {'missing_values': nan, 'n_neighbors': 3, 'weights': 'uniform'}
[2025-04-24 10:02:56,497] 47 root - INFO - Entered the save_object method of Main Utils class
[2025-04-24 10:02:56,499] 51 root - INFO - Exited the save_object method of Main Utils class
[2025-04-24 10:02:56,500] 34 root - INFO - data transformation completed
