[2025-04-24 08:13:04,686] 16 root - INFO - Initiate the data ingestion
[2025-04-24 08:13:07,333] 65 root - INFO - Performed train test split on the dataframe
[2025-04-24 08:13:07,334] 66 root - INFO - Exited split_data_as_train_test method of Data_Ingestion class
[2025-04-24 08:13:07,334] 70 root - INFO - Exporting train and test file path
[2025-04-24 08:13:07,389] 78 root - INFO - Exported train and test file path
[2025-04-24 08:13:07,390] 19 root - INFO - Data initiation Completed
[2025-04-24 08:13:07,393] 23 root - INFO - Initiate the data validation
[2025-04-24 08:13:07,437] 37 root - INFO - Required number of columns:2
[2025-04-24 08:13:07,437] 38 root - INFO - Data Frame has columns: 31
[2025-04-24 08:13:07,437] 37 root - INFO - Required number of columns:2
[2025-04-24 08:13:07,437] 38 root - INFO - Data Frame has columns: 31
[2025-04-24 08:13:07,441] 61 root - INFO - having_IP_Address-> p-value: 0.9999955619617864, Drift: False
[2025-04-24 08:13:07,442] 61 root - INFO - URL_Length-> p-value: 0.5014212995772704, Drift: False
[2025-04-24 08:13:07,445] 61 root - INFO - Shortining_Service-> p-value: 1.0, Drift: False
[2025-04-24 08:13:07,446] 61 root - INFO - having_At_Symbol-> p-value: 0.9990674182373884, Drift: False
[2025-04-24 08:13:07,449] 61 root - INFO - double_slash_redirecting-> p-value: 1.0, Drift: False
[2025-04-24 08:13:07,452] 61 root - INFO - Prefix_Suffix-> p-value: 1.0, Drift: False
[2025-04-24 08:13:07,454] 61 root - INFO - having_Sub_Domain-> p-value: 0.8297115944625048, Drift: False
[2025-04-24 08:13:07,454] 61 root - INFO - SSLfinal_State-> p-value: 0.43488478023596455, Drift: False
[2025-04-24 08:13:07,456] 61 root - INFO - Domain_registeration_length-> p-value: 0.8440980157021072, Drift: False
[2025-04-24 08:13:07,456] 61 root - INFO - Favicon-> p-value: 1.0, Drift: False
[2025-04-24 08:13:07,459] 61 root - INFO - port-> p-value: 1.0, Drift: False
[2025-04-24 08:13:07,459] 61 root - INFO - HTTPS_token-> p-value: 0.7944376881422921, Drift: False
[2025-04-24 08:13:07,461] 61 root - INFO - Request_URL-> p-value: 0.8047373429702858, Drift: False
[2025-04-24 08:13:07,463] 61 root - INFO - URL_of_Anchor-> p-value: 0.9798953580695315, Drift: False
[2025-04-24 08:13:07,464] 61 root - INFO - Links_in_tags-> p-value: 0.9939782507422366, Drift: False
[2025-04-24 08:13:07,468] 61 root - INFO - SFH-> p-value: 1.0, Drift: False
[2025-04-24 08:13:07,470] 61 root - INFO - Submitting_to_email-> p-value: 1.0, Drift: False
[2025-04-24 08:13:07,473] 61 root - INFO - Abnormal_URL-> p-value: 1.0, Drift: False
[2025-04-24 08:13:07,476] 61 root - INFO - Redirect-> p-value: 0.9999999999999999, Drift: False
[2025-04-24 08:13:07,477] 61 root - INFO - on_mouseover-> p-value: 0.985173487215412, Drift: False
[2025-04-24 08:13:07,479] 61 root - INFO - RightClick-> p-value: 1.0, Drift: False
[2025-04-24 08:13:07,482] 61 root - INFO - popUpWidnow-> p-value: 1.0, Drift: False
[2025-04-24 08:13:07,485] 61 root - INFO - Iframe-> p-value: 1.0, Drift: False
[2025-04-24 08:13:07,488] 61 root - INFO - age_of_domain-> p-value: 0.9999999797009747, Drift: False
[2025-04-24 08:13:07,491] 61 root - INFO - DNSRecord-> p-value: 0.9999999095448506, Drift: False
[2025-04-24 08:13:07,492] 61 root - INFO - web_traffic-> p-value: 0.9995865036983179, Drift: False
[2025-04-24 08:13:07,496] 61 root - INFO - Page_Rank-> p-value: 1.0, Drift: False
[2025-04-24 08:13:07,498] 61 root - INFO - Google_Index-> p-value: 0.999999999973084, Drift: False
[2025-04-24 08:13:07,500] 61 root - INFO - Links_pointing_to_page-> p-value: 0.4649983549053184, Drift: False
[2025-04-24 08:13:07,501] 61 root - INFO - Statistical_report-> p-value: 0.990289787988257, Drift: False
[2025-04-24 08:13:07,502] 61 root - INFO - Result-> p-value: 0.9999321298038519, Drift: False
[2025-04-24 08:13:07,561] 26 root - INFO - data validation completed
[2025-04-24 08:13:07,561] 31 root - INFO - Initiate the data transformation
[2025-04-24 08:13:07,562] 64 root - INFO - Entered initiate_data_transformation method of DataTransformation class
[2025-04-24 08:13:07,562] 66 root - INFO - starting data transformation
[2025-04-24 08:13:07,586] 49 root - INFO - Entered get_data_stransformer_object method of transformation class
[2025-04-24 08:13:07,586] 54 root - INFO - Initialise KNNImputer with {'missing_values': nan, 'n_neighbors': 3, 'weights': 'uniform'}
[2025-04-24 08:13:07,595] 47 root - INFO - Entered the save_object method of Main Utils class
[2025-04-24 08:13:07,597] 51 root - INFO - Exited the save_object method of Main Utils class
[2025-04-24 08:13:07,598] 34 root - INFO - data transformation completed
