[2025-04-24 21:28:06,579] 1025 httpx - INFO - HTTP Request: POST https://dagshub.com/login/oauth/middleman "HTTP/1.1 200 OK"
[2025-04-24 21:28:06,926] 1025 httpx - INFO - HTTP Request: POST https://dagshub.com/login/oauth/access_token "HTTP/1.1 200 OK"
[2025-04-24 21:28:07,252] 1025 httpx - INFO - HTTP Request: GET https://dagshub.com/api/v1/user "HTTP/1.1 200 OK"
[2025-04-24 21:28:07,254] 107 dagshub - INFO - Accessing as HariSudhan76
[2025-04-24 21:28:07,582] 1025 httpx - INFO - HTTP Request: GET https://dagshub.com/api/v1/repos/HariSudhan76/MLOPS_Project "HTTP/1.1 404 Not Found"
[2025-04-24 21:28:07,583] 107 dagshub - INFO - Repository MLOPS_Project doesn't exist, creating it under current user.
[2025-04-24 21:28:08,625] 1025 httpx - INFO - HTTP Request: POST https://dagshub.com/api/v1/user/repos "HTTP/1.1 201 Created"
[2025-04-24 21:28:09,019] 1025 httpx - INFO - HTTP Request: GET https://dagshub.com/api/v1/user "HTTP/1.1 200 OK"
[2025-04-24 21:28:09,023] 107 dagshub - INFO - Initialized MLflow to track repo "HariSudhan76/MLOPS_Project"
[2025-04-24 21:28:09,023] 107 dagshub - INFO - Repository HariSudhan76/MLOPS_Project initialized!
[2025-04-24 21:28:09,024] 16 root - INFO - Initiate the data ingestion
[2025-04-24 21:28:12,803] 65 root - INFO - Performed train test split on the dataframe
[2025-04-24 21:28:12,803] 66 root - INFO - Exited split_data_as_train_test method of Data_Ingestion class
[2025-04-24 21:28:12,803] 70 root - INFO - Exporting train and test file path
[2025-04-24 21:28:12,858] 78 root - INFO - Exported train and test file path
[2025-04-24 21:28:12,859] 22 root - INFO - Data initiation Completed
[2025-04-24 21:28:12,859] 25 root - INFO - Initiate the data validation
[2025-04-24 21:28:12,908] 37 root - INFO - Required number of columns:2
[2025-04-24 21:28:12,908] 38 root - INFO - Data Frame has columns: 31
[2025-04-24 21:28:12,908] 37 root - INFO - Required number of columns:2
[2025-04-24 21:28:12,908] 38 root - INFO - Data Frame has columns: 31
[2025-04-24 21:28:12,911] 61 root - INFO - having_IP_Address-> p-value: 1.0, Drift: False
[2025-04-24 21:28:12,913] 61 root - INFO - URL_Length-> p-value: 0.8534124262698983, Drift: False
[2025-04-24 21:28:12,916] 61 root - INFO - Shortining_Service-> p-value: 0.999999999973084, Drift: False
[2025-04-24 21:28:12,917] 61 root - INFO - having_At_Symbol-> p-value: 0.9995865036983179, Drift: False
[2025-04-24 21:28:12,918] 61 root - INFO - double_slash_redirecting-> p-value: 0.9813203340096497, Drift: False
[2025-04-24 21:28:12,923] 61 root - INFO - Prefix_Suffix-> p-value: 0.9999968024420123, Drift: False
[2025-04-24 21:28:12,928] 61 root - INFO - having_Sub_Domain-> p-value: 0.9999999999397761, Drift: False
[2025-04-24 21:28:12,933] 61 root - INFO - SSLfinal_State-> p-value: 1.0, Drift: False
[2025-04-24 21:28:12,935] 61 root - INFO - Domain_registeration_length-> p-value: 0.9884283678259359, Drift: False
[2025-04-24 21:28:12,935] 61 root - INFO - Favicon-> p-value: 1.0, Drift: False
[2025-04-24 21:28:12,940] 61 root - INFO - port-> p-value: 1.0, Drift: False
[2025-04-24 21:28:12,944] 61 root - INFO - HTTPS_token-> p-value: 1.0, Drift: False
[2025-04-24 21:28:12,945] 61 root - INFO - Request_URL-> p-value: 0.9591630531107953, Drift: False
[2025-04-24 21:28:12,950] 61 root - INFO - URL_of_Anchor-> p-value: 1.0, Drift: False
[2025-04-24 21:28:12,956] 61 root - INFO - Links_in_tags-> p-value: 0.9999999999999994, Drift: False
[2025-04-24 21:28:12,961] 61 root - INFO - SFH-> p-value: 1.0, Drift: False
[2025-04-24 21:28:12,965] 61 root - INFO - Submitting_to_email-> p-value: 1.0, Drift: False
[2025-04-24 21:28:12,969] 61 root - INFO - Abnormal_URL-> p-value: 1.0, Drift: False
[2025-04-24 21:28:12,974] 61 root - INFO - Redirect-> p-value: 0.9999999797009747, Drift: False
[2025-04-24 21:28:12,975] 61 root - INFO - on_mouseover-> p-value: 0.9995865036983179, Drift: False
[2025-04-24 21:28:12,979] 61 root - INFO - RightClick-> p-value: 1.0, Drift: False
[2025-04-24 21:28:12,982] 61 root - INFO - popUpWidnow-> p-value: 0.9999999999999728, Drift: False
[2025-04-24 21:28:12,985] 61 root - INFO - Iframe-> p-value: 0.9999992399051418, Drift: False
[2025-04-24 21:28:12,989] 61 root - INFO - age_of_domain-> p-value: 1.0, Drift: False
[2025-04-24 21:28:12,990] 61 root - INFO - DNSRecord-> p-value: 0.8248120106846902, Drift: False
[2025-04-24 21:28:12,991] 61 root - INFO - web_traffic-> p-value: 0.9994193854231466, Drift: False
[2025-04-24 21:28:12,992] 61 root - INFO - Page_Rank-> p-value: 0.925264894311947, Drift: False
[2025-04-24 21:28:12,995] 61 root - INFO - Google_Index-> p-value: 1.0, Drift: False
[2025-04-24 21:28:12,997] 61 root - INFO - Links_pointing_to_page-> p-value: 0.7408527500256779, Drift: False
[2025-04-24 21:28:12,998] 61 root - INFO - Statistical_report-> p-value: 0.8047373429702858, Drift: False
[2025-04-24 21:28:12,999] 61 root - INFO - Result-> p-value: 0.9348559715686556, Drift: False
[2025-04-24 21:28:13,057] 30 root - INFO - data validation completed
[2025-04-24 21:28:13,057] 33 root - INFO - Initiate the data transformation
[2025-04-24 21:28:13,058] 62 root - INFO - Entered initiate_data_transformation method of DataTransformation class
[2025-04-24 21:28:13,058] 64 root - INFO - starting data transformation
[2025-04-24 21:28:13,085] 47 root - INFO - Entered get_data_stransformer_object method of transformation class
[2025-04-24 21:28:13,085] 52 root - INFO - Initialise KNNImputer with {'missing_values': nan, 'n_neighbors': 3, 'weights': 'uniform'}
[2025-04-24 21:28:13,094] 49 root - INFO - Entered the save_object method of Main Utils class
[2025-04-24 21:28:13,096] 53 root - INFO - Exited the save_object method of Main Utils class
[2025-04-24 21:28:13,098] 38 root - INFO - data transformation completed
[2025-04-24 21:28:13,098] 41 root - INFO - Initiate the model training
[2025-04-24 21:32:19,516] 49 root - INFO - Entered the save_object method of Main Utils class
[2025-04-24 21:32:19,517] 53 root - INFO - Exited the save_object method of Main Utils class
[2025-04-24 21:32:19,517] 112 root - INFO - Model trainer artifact: ModelTrainerArtifact(trained_model_file_path=<networksecurity.entity.config_entity.ModelTrainerConfig object at 0x000001D430589C00>, train_metric_artifact=ClassificationMetricArtifact(f1_score=0.9916161616161616, precision_score=0.9933218658302135, recall_score=0.9933218658302135), test_metric_artifact=ClassificationMetricArtifact(f1_score=0.9824058919803601, precision_score=0.9876593994241053, recall_score=0.9876593994241053))
[2025-04-24 21:32:19,518] 46 root - INFO - Model training completed
