[2025-04-24 08:16:03,661] 16 root - INFO - Initiate the data ingestion
[2025-04-24 08:16:07,427] 65 root - INFO - Performed train test split on the dataframe
[2025-04-24 08:16:07,427] 66 root - INFO - Exited split_data_as_train_test method of Data_Ingestion class
[2025-04-24 08:16:07,427] 70 root - INFO - Exporting train and test file path
[2025-04-24 08:16:07,483] 78 root - INFO - Exported train and test file path
[2025-04-24 08:16:07,484] 19 root - INFO - Data initiation Completed
[2025-04-24 08:16:07,488] 23 root - INFO - Initiate the data validation
[2025-04-24 08:16:07,530] 37 root - INFO - Required number of columns:2
[2025-04-24 08:16:07,530] 38 root - INFO - Data Frame has columns: 31
[2025-04-24 08:16:07,531] 37 root - INFO - Required number of columns:2
[2025-04-24 08:16:07,531] 38 root - INFO - Data Frame has columns: 31
[2025-04-24 08:16:07,534] 61 root - INFO - having_IP_Address-> p-value: 1.0, Drift: False
[2025-04-24 08:16:07,536] 61 root - INFO - URL_Length-> p-value: 0.6113493016762657, Drift: False
[2025-04-24 08:16:07,536] 61 root - INFO - Shortining_Service-> p-value: 0.43982839593783674, Drift: False
[2025-04-24 08:16:07,539] 61 root - INFO - having_At_Symbol-> p-value: 0.9999999999981217, Drift: False
[2025-04-24 08:16:07,540] 61 root - INFO - double_slash_redirecting-> p-value: 0.5445226330704535, Drift: False
[2025-04-24 08:16:07,543] 61 root - INFO - Prefix_Suffix-> p-value: 0.9999852314115173, Drift: False
[2025-04-24 08:16:07,545] 61 root - INFO - having_Sub_Domain-> p-value: 0.9317405428221567, Drift: False
[2025-04-24 08:16:07,546] 61 root - INFO - SSLfinal_State-> p-value: 0.6169958385940552, Drift: False
[2025-04-24 08:16:07,547] 61 root - INFO - Domain_registeration_length-> p-value: 0.04235479236043693, Drift: True
[2025-04-24 08:16:07,550] 61 root - INFO - Favicon-> p-value: 1.0, Drift: False
[2025-04-24 08:16:07,553] 61 root - INFO - port-> p-value: 1.0, Drift: False
[2025-04-24 08:16:07,554] 61 root - INFO - HTTPS_token-> p-value: 0.7353423319035767, Drift: False
[2025-04-24 08:16:07,557] 61 root - INFO - Request_URL-> p-value: 1.0, Drift: False
[2025-04-24 08:16:07,558] 61 root - INFO - URL_of_Anchor-> p-value: 0.3386459500955462, Drift: False
[2025-04-24 08:16:07,560] 61 root - INFO - Links_in_tags-> p-value: 0.9997115090643619, Drift: False
[2025-04-24 08:16:07,561] 61 root - INFO - SFH-> p-value: 0.35581877112966664, Drift: False
[2025-04-24 08:16:07,564] 61 root - INFO - Submitting_to_email-> p-value: 1.0, Drift: False
[2025-04-24 08:16:07,565] 61 root - INFO - Abnormal_URL-> p-value: 0.5721131577781353, Drift: False
[2025-04-24 08:16:07,566] 61 root - INFO - Redirect-> p-value: 0.9956127615648801, Drift: False
[2025-04-24 08:16:07,569] 61 root - INFO - on_mouseover-> p-value: 0.999999999870135, Drift: False
[2025-04-24 08:16:07,571] 61 root - INFO - RightClick-> p-value: 1.0, Drift: False
[2025-04-24 08:16:07,574] 61 root - INFO - popUpWidnow-> p-value: 0.9999999999999977, Drift: False
[2025-04-24 08:16:07,577] 61 root - INFO - Iframe-> p-value: 1.0, Drift: False
[2025-04-24 08:16:07,580] 61 root - INFO - age_of_domain-> p-value: 1.0, Drift: False
[2025-04-24 08:16:07,581] 61 root - INFO - DNSRecord-> p-value: 0.50672862370958, Drift: False
[2025-04-24 08:16:07,584] 61 root - INFO - web_traffic-> p-value: 0.999999999973084, Drift: False
[2025-04-24 08:16:07,586] 61 root - INFO - Page_Rank-> p-value: 0.9751784512217775, Drift: False
[2025-04-24 08:16:07,586] 61 root - INFO - Google_Index-> p-value: 0.9956127615648805, Drift: False
[2025-04-24 08:16:07,587] 61 root - INFO - Links_pointing_to_page-> p-value: 0.981320334009651, Drift: False
[2025-04-24 08:16:07,590] 61 root - INFO - Statistical_report-> p-value: 1.0, Drift: False
[2025-04-24 08:16:07,591] 61 root - INFO - Result-> p-value: 0.08768332458647898, Drift: False
[2025-04-24 08:16:07,650] 26 root - INFO - data validation completed
[2025-04-24 08:16:07,650] 31 root - INFO - Initiate the data transformation
[2025-04-24 08:16:07,650] 64 root - INFO - Entered initiate_data_transformation method of DataTransformation class
[2025-04-24 08:16:07,650] 66 root - INFO - starting data transformation
[2025-04-24 08:16:07,674] 49 root - INFO - Entered get_data_stransformer_object method of transformation class
[2025-04-24 08:16:07,674] 54 root - INFO - Initialise KNNImputer with {'missing_values': nan, 'n_neighbors': 3, 'weights': 'uniform'}
[2025-04-24 08:16:07,685] 47 root - INFO - Entered the save_object method of Main Utils class
[2025-04-24 08:16:07,688] 51 root - INFO - Exited the save_object method of Main Utils class
[2025-04-24 08:16:07,689] 34 root - INFO - data transformation completed
