[2025-04-24 15:02:32,446] 16 root - INFO - Initiate the data ingestion
[2025-04-24 15:02:36,057] 65 root - INFO - Performed train test split on the dataframe
[2025-04-24 15:02:36,057] 66 root - INFO - Exited split_data_as_train_test method of Data_Ingestion class
[2025-04-24 15:02:36,058] 70 root - INFO - Exporting train and test file path
[2025-04-24 15:02:36,116] 78 root - INFO - Exported train and test file path
[2025-04-24 15:02:36,117] 22 root - INFO - Data initiation Completed
[2025-04-24 15:02:36,117] 25 root - INFO - Initiate the data validation
[2025-04-24 15:02:36,174] 37 root - INFO - Required number of columns:2
[2025-04-24 15:02:36,176] 38 root - INFO - Data Frame has columns: 31
[2025-04-24 15:02:36,176] 37 root - INFO - Required number of columns:2
[2025-04-24 15:02:36,176] 38 root - INFO - Data Frame has columns: 31
[2025-04-24 15:02:36,180] 61 root - INFO - having_IP_Address-> p-value: 0.9999999999999728, Drift: False
[2025-04-24 15:02:36,182] 61 root - INFO - URL_Length-> p-value: 0.696262907175445, Drift: False
[2025-04-24 15:02:36,185] 61 root - INFO - Shortining_Service-> p-value: 0.9999999999999999, Drift: False
[2025-04-24 15:02:36,187] 61 root - INFO - having_At_Symbol-> p-value: 1.0, Drift: False
[2025-04-24 15:02:36,188] 61 root - INFO - double_slash_redirecting-> p-value: 1.0, Drift: False
[2025-04-24 15:02:36,192] 61 root - INFO - Prefix_Suffix-> p-value: 0.9999994872658009, Drift: False
[2025-04-24 15:02:36,193] 61 root - INFO - having_Sub_Domain-> p-value: 0.9995865036983179, Drift: False
[2025-04-24 15:02:36,195] 61 root - INFO - SSLfinal_State-> p-value: 0.982673984199772, Drift: False
[2025-04-24 15:02:36,199] 61 root - INFO - Domain_registeration_length-> p-value: 0.9999999797009747, Drift: False
[2025-04-24 15:02:36,202] 61 root - INFO - Favicon-> p-value: 1.0, Drift: False
[2025-04-24 15:02:36,203] 61 root - INFO - port-> p-value: 0.9001044545868322, Drift: False
[2025-04-24 15:02:36,206] 61 root - INFO - HTTPS_token-> p-value: 0.9999999999999994, Drift: False
[2025-04-24 15:02:36,207] 61 root - INFO - Request_URL-> p-value: 0.42509090794495985, Drift: False
[2025-04-24 15:02:36,209] 61 root - INFO - URL_of_Anchor-> p-value: 0.7408527500256779, Drift: False
[2025-04-24 15:02:36,210] 61 root - INFO - Links_in_tags-> p-value: 0.6113493016762657, Drift: False
[2025-04-24 15:02:36,212] 61 root - INFO - SFH-> p-value: 0.6396427052930043, Drift: False
[2025-04-24 15:02:36,213] 61 root - INFO - Submitting_to_email-> p-value: 0.9993169455931838, Drift: False
[2025-04-24 15:02:36,216] 61 root - INFO - Abnormal_URL-> p-value: 1.0, Drift: False
[2025-04-24 15:02:36,220] 61 root - INFO - Redirect-> p-value: 0.9999999999999999, Drift: False
[2025-04-24 15:02:36,223] 61 root - INFO - on_mouseover-> p-value: 1.0, Drift: False
[2025-04-24 15:02:36,226] 61 root - INFO - RightClick-> p-value: 1.0, Drift: False
[2025-04-24 15:02:36,228] 61 root - INFO - popUpWidnow-> p-value: 0.9999999979763055, Drift: False
[2025-04-24 15:02:36,229] 61 root - INFO - Iframe-> p-value: 0.9716530243971566, Drift: False
[2025-04-24 15:02:36,230] 61 root - INFO - age_of_domain-> p-value: 0.8440980157021072, Drift: False
[2025-04-24 15:02:36,231] 61 root - INFO - DNSRecord-> p-value: 0.48044663896911977, Drift: False
[2025-04-24 15:02:36,233] 61 root - INFO - web_traffic-> p-value: 0.9981098952009998, Drift: False
[2025-04-24 15:02:36,234] 61 root - INFO - Page_Rank-> p-value: 0.9997610012014628, Drift: False
[2025-04-24 15:02:36,238] 61 root - INFO - Google_Index-> p-value: 1.0, Drift: False
[2025-04-24 15:02:36,241] 61 root - INFO - Links_pointing_to_page-> p-value: 0.9999939100687764, Drift: False
[2025-04-24 15:02:36,244] 61 root - INFO - Statistical_report-> p-value: 1.0, Drift: False
[2025-04-24 15:02:36,245] 61 root - INFO - Result-> p-value: 0.9998688545448693, Drift: False
[2025-04-24 15:02:36,308] 30 root - INFO - data validation completed
[2025-04-24 15:02:36,308] 33 root - INFO - Initiate the data transformation
[2025-04-24 15:02:36,308] 62 root - INFO - Entered initiate_data_transformation method of DataTransformation class
[2025-04-24 15:02:36,308] 64 root - INFO - starting data transformation
[2025-04-24 15:02:36,333] 47 root - INFO - Entered get_data_stransformer_object method of transformation class
[2025-04-24 15:02:36,333] 52 root - INFO - Initialise KNNImputer with {'missing_values': nan, 'n_neighbors': 3, 'weights': 'uniform'}
[2025-04-24 15:02:36,342] 49 root - INFO - Entered the save_object method of Main Utils class
[2025-04-24 15:02:36,344] 53 root - INFO - Exited the save_object method of Main Utils class
[2025-04-24 15:02:36,345] 38 root - INFO - data transformation completed
[2025-04-24 15:02:36,346] 41 root - INFO - Initiate the model training
