[2025-04-24 08:28:52,725] 16 root - INFO - Initiate the data ingestion
[2025-04-24 08:28:55,852] 65 root - INFO - Performed train test split on the dataframe
[2025-04-24 08:28:55,852] 66 root - INFO - Exited split_data_as_train_test method of Data_Ingestion class
[2025-04-24 08:28:55,852] 70 root - INFO - Exporting train and test file path
[2025-04-24 08:28:55,906] 78 root - INFO - Exported train and test file path
[2025-04-24 08:28:55,907] 19 root - INFO - Data initiation Completed
[2025-04-24 08:28:55,910] 23 root - INFO - Initiate the data validation
[2025-04-24 08:28:55,955] 37 root - INFO - Required number of columns:2
[2025-04-24 08:28:55,956] 38 root - INFO - Data Frame has columns: 31
[2025-04-24 08:28:55,956] 37 root - INFO - Required number of columns:2
[2025-04-24 08:28:55,956] 38 root - INFO - Data Frame has columns: 31
[2025-04-24 08:28:55,960] 61 root - INFO - having_IP_Address-> p-value: 1.0, Drift: False
[2025-04-24 08:28:55,963] 61 root - INFO - URL_Length-> p-value: 0.9999999999981217, Drift: False
[2025-04-24 08:28:55,966] 61 root - INFO - Shortining_Service-> p-value: 1.0, Drift: False
[2025-04-24 08:28:55,969] 61 root - INFO - having_At_Symbol-> p-value: 1.0, Drift: False
[2025-04-24 08:28:55,969] 61 root - INFO - double_slash_redirecting-> p-value: 1.0, Drift: False
[2025-04-24 08:28:55,973] 61 root - INFO - Prefix_Suffix-> p-value: 1.0, Drift: False
[2025-04-24 08:28:55,975] 61 root - INFO - having_Sub_Domain-> p-value: 0.9999321298038519, Drift: False
[2025-04-24 08:28:55,976] 61 root - INFO - SSLfinal_State-> p-value: 0.9039295322201301, Drift: False
[2025-04-24 08:28:55,979] 61 root - INFO - Domain_registeration_length-> p-value: 1.0, Drift: False
[2025-04-24 08:28:55,982] 61 root - INFO - Favicon-> p-value: 0.999980543412802, Drift: False
[2025-04-24 08:28:55,985] 61 root - INFO - port-> p-value: 0.9999999979763055, Drift: False
[2025-04-24 08:28:55,988] 61 root - INFO - HTTPS_token-> p-value: 1.0, Drift: False
[2025-04-24 08:28:55,991] 61 root - INFO - Request_URL-> p-value: 0.9999999999981217, Drift: False
[2025-04-24 08:28:55,993] 61 root - INFO - URL_of_Anchor-> p-value: 0.34288663275629594, Drift: False
[2025-04-24 08:28:55,995] 61 root - INFO - Links_in_tags-> p-value: 0.8756389105267035, Drift: False
[2025-04-24 08:28:55,996] 61 root - INFO - SFH-> p-value: 0.9987482621359624, Drift: False
[2025-04-24 08:28:55,997] 61 root - INFO - Submitting_to_email-> p-value: 0.8393562351530406, Drift: False
[2025-04-24 08:28:56,000] 61 root - INFO - Abnormal_URL-> p-value: 1.0, Drift: False
[2025-04-24 08:28:56,003] 61 root - INFO - Redirect-> p-value: 1.0, Drift: False
[2025-04-24 08:28:56,006] 61 root - INFO - on_mouseover-> p-value: 1.0, Drift: False
[2025-04-24 08:28:56,009] 61 root - INFO - RightClick-> p-value: 1.0, Drift: False
[2025-04-24 08:28:56,011] 61 root - INFO - popUpWidnow-> p-value: 0.9999996593475295, Drift: False
[2025-04-24 08:28:56,015] 61 root - INFO - Iframe-> p-value: 0.9999888959498077, Drift: False
[2025-04-24 08:28:56,018] 61 root - INFO - age_of_domain-> p-value: 1.0, Drift: False
[2025-04-24 08:28:56,021] 61 root - INFO - DNSRecord-> p-value: 1.0, Drift: False
[2025-04-24 08:28:56,023] 61 root - INFO - web_traffic-> p-value: 0.9998388206083407, Drift: False
[2025-04-24 08:28:56,026] 61 root - INFO - Page_Rank-> p-value: 1.0, Drift: False
[2025-04-24 08:28:56,027] 61 root - INFO - Google_Index-> p-value: 0.9751784512217775, Drift: False
[2025-04-24 08:28:56,028] 61 root - INFO - Links_pointing_to_page-> p-value: 0.9996536937360632, Drift: False
[2025-04-24 08:28:56,031] 61 root - INFO - Statistical_report-> p-value: 1.0, Drift: False
[2025-04-24 08:28:56,032] 61 root - INFO - Result-> p-value: 0.9998031410932465, Drift: False
[2025-04-24 08:28:56,094] 26 root - INFO - data validation completed
[2025-04-24 08:28:56,094] 31 root - INFO - Initiate the data transformation
[2025-04-24 08:28:56,094] 64 root - INFO - Entered initiate_data_transformation method of DataTransformation class
[2025-04-24 08:28:56,094] 66 root - INFO - starting data transformation
[2025-04-24 08:28:56,116] 49 root - INFO - Entered get_data_stransformer_object method of transformation class
[2025-04-24 08:28:56,117] 54 root - INFO - Initialise KNNImputer with {'missing_values': nan, 'n_neighbors': 3, 'weights': 'uniform'}
[2025-04-24 08:28:56,124] 47 root - INFO - Entered the save_object method of Main Utils class
[2025-04-24 08:28:56,126] 51 root - INFO - Exited the save_object method of Main Utils class
[2025-04-24 08:28:56,127] 34 root - INFO - data transformation completed
