[2025-04-24 09:57:10,459] 16 root - INFO - Initiate the data ingestion
[2025-04-24 09:57:14,760] 65 root - INFO - Performed train test split on the dataframe
[2025-04-24 09:57:14,760] 66 root - INFO - Exited split_data_as_train_test method of Data_Ingestion class
[2025-04-24 09:57:14,761] 70 root - INFO - Exporting train and test file path
[2025-04-24 09:57:14,814] 78 root - INFO - Exported train and test file path
[2025-04-24 09:57:14,815] 19 root - INFO - Data initiation Completed
[2025-04-24 09:57:14,819] 23 root - INFO - Initiate the data validation
[2025-04-24 09:57:14,861] 37 root - INFO - Required number of columns:2
[2025-04-24 09:57:14,861] 38 root - INFO - Data Frame has columns: 31
[2025-04-24 09:57:14,862] 37 root - INFO - Required number of columns:2
[2025-04-24 09:57:14,862] 38 root - INFO - Data Frame has columns: 31
[2025-04-24 09:57:14,863] 61 root - INFO - having_IP_Address-> p-value: 0.8248120106846853, Drift: False
[2025-04-24 09:57:14,867] 61 root - INFO - URL_Length-> p-value: 0.9999999999999919, Drift: False
[2025-04-24 09:57:14,869] 61 root - INFO - Shortining_Service-> p-value: 1.0, Drift: False
[2025-04-24 09:57:14,870] 61 root - INFO - having_At_Symbol-> p-value: 0.9998388206083407, Drift: False
[2025-04-24 09:57:14,871] 61 root - INFO - double_slash_redirecting-> p-value: 0.9993169455931838, Drift: False
[2025-04-24 09:57:14,872] 61 root - INFO - Prefix_Suffix-> p-value: 0.4011656710279605, Drift: False
[2025-04-24 09:57:14,875] 61 root - INFO - having_Sub_Domain-> p-value: 0.999980543412802, Drift: False
[2025-04-24 09:57:14,877] 61 root - INFO - SSLfinal_State-> p-value: 0.305989440066221, Drift: False
[2025-04-24 09:57:14,878] 61 root - INFO - Domain_registeration_length-> p-value: 0.9919224549559418, Drift: False
[2025-04-24 09:57:14,879] 61 root - INFO - Favicon-> p-value: 0.9968835466898608, Drift: False
[2025-04-24 09:57:14,881] 61 root - INFO - port-> p-value: 1.0, Drift: False
[2025-04-24 09:57:14,882] 61 root - INFO - HTTPS_token-> p-value: 0.9999148748234266, Drift: False
[2025-04-24 09:57:14,883] 61 root - INFO - Request_URL-> p-value: 0.9851734872154114, Drift: False
[2025-04-24 09:57:14,884] 61 root - INFO - URL_of_Anchor-> p-value: 0.37354804876543213, Drift: False
[2025-04-24 09:57:14,886] 61 root - INFO - Links_in_tags-> p-value: 0.7786981711104273, Drift: False
[2025-04-24 09:57:14,889] 61 root - INFO - SFH-> p-value: 1.0, Drift: False
[2025-04-24 09:57:14,892] 61 root - INFO - Submitting_to_email-> p-value: 1.0, Drift: False
[2025-04-24 09:57:14,893] 61 root - INFO - Abnormal_URL-> p-value: 0.9951111803133281, Drift: False
[2025-04-24 09:57:14,894] 61 root - INFO - Redirect-> p-value: 0.8148665993701488, Drift: False
[2025-04-24 09:57:14,897] 61 root - INFO - on_mouseover-> p-value: 1.0, Drift: False
[2025-04-24 09:57:14,899] 61 root - INFO - RightClick-> p-value: 1.0, Drift: False
[2025-04-24 09:57:14,900] 61 root - INFO - popUpWidnow-> p-value: 0.9998031410932465, Drift: False
[2025-04-24 09:57:14,903] 61 root - INFO - Iframe-> p-value: 1.0, Drift: False
[2025-04-24 09:57:14,906] 61 root - INFO - age_of_domain-> p-value: 0.9999988894018609, Drift: False
[2025-04-24 09:57:14,907] 61 root - INFO - DNSRecord-> p-value: 0.8345602176970413, Drift: False
[2025-04-24 09:57:14,908] 61 root - INFO - web_traffic-> p-value: 0.9697727875445923, Drift: False
[2025-04-24 09:57:14,911] 61 root - INFO - Page_Rank-> p-value: 0.9999999797009747, Drift: False
[2025-04-24 09:57:14,914] 61 root - INFO - Google_Index-> p-value: 0.99999999945476, Drift: False
[2025-04-24 09:57:14,917] 61 root - INFO - Links_pointing_to_page-> p-value: 0.999999965908459, Drift: False
[2025-04-24 09:57:14,920] 61 root - INFO - Statistical_report-> p-value: 1.0, Drift: False
[2025-04-24 09:57:14,921] 61 root - INFO - Result-> p-value: 0.6169958385940552, Drift: False
[2025-04-24 09:57:14,980] 26 root - INFO - data validation completed
[2025-04-24 09:57:14,980] 31 root - INFO - Initiate the data transformation
[2025-04-24 09:57:14,980] 64 root - INFO - Entered initiate_data_transformation method of DataTransformation class
[2025-04-24 09:57:14,980] 66 root - INFO - starting data transformation
[2025-04-24 09:57:15,002] 49 root - INFO - Entered get_data_stransformer_object method of transformation class
[2025-04-24 09:57:15,002] 54 root - INFO - Initialise KNNImputer with {'missing_values': nan, 'n_neighbors': 3, 'weights': 'uniform'}
[2025-04-24 09:57:15,011] 47 root - INFO - Entered the save_object method of Main Utils class
[2025-04-24 09:57:15,013] 51 root - INFO - Exited the save_object method of Main Utils class
[2025-04-24 09:57:15,015] 34 root - INFO - data transformation completed
