[2025-04-25 21:26:32,010] 1025 httpx - INFO - HTTP Request: GET https://dagshub.com/api/v1/user "HTTP/1.1 200 OK"
[2025-04-25 21:26:32,015] 107 dagshub - INFO - Accessing as HariSudhan76
[2025-04-25 21:26:32,517] 1025 httpx - INFO - HTTP Request: GET https://dagshub.com/api/v1/repos/HariSudhan76/MLOPS_Project "HTTP/1.1 200 OK"
[2025-04-25 21:26:33,024] 1025 httpx - INFO - HTTP Request: GET https://dagshub.com/api/v1/user "HTTP/1.1 200 OK"
[2025-04-25 21:26:33,026] 107 dagshub - INFO - Initialized MLflow to track repo "HariSudhan76/MLOPS_Project"
[2025-04-25 21:26:33,027] 107 dagshub - INFO - Repository HariSudhan76/MLOPS_Project initialized!
[2025-04-25 21:26:39,272] 34 root - INFO - start data Ingestion
[2025-04-25 21:26:41,536] 65 root - INFO - Performed train test split on the dataframe
[2025-04-25 21:26:41,536] 66 root - INFO - Exited split_data_as_train_test method of Data_Ingestion class
[2025-04-25 21:26:41,536] 70 root - INFO - Exporting train and test file path
[2025-04-25 21:26:41,632] 78 root - INFO - Exported train and test file path
[2025-04-25 21:26:41,633] 37 root - INFO - Data Ingestion Completed and artifact: DataIngestionArtifact(trained_file_path='Artifacts\\04_25_2025_21_26_24\\data_ingestion\\ingested\\train.csv', test_file_path='Artifacts\\04_25_2025_21_26_24\\data_ingestion\\ingested\\test.csv')
[2025-04-25 21:26:41,634] 46 root - INFO - Initiate the data validation
[2025-04-25 21:26:41,707] 37 root - INFO - Required number of columns:2
[2025-04-25 21:26:41,707] 38 root - INFO - Data Frame has columns: 31
[2025-04-25 21:26:41,707] 37 root - INFO - Required number of columns:2
[2025-04-25 21:26:41,707] 38 root - INFO - Data Frame has columns: 31
[2025-04-25 21:26:41,716] 61 root - INFO - having_IP_Address-> p-value: 0.8579818860591006, Drift: False
[2025-04-25 21:26:41,726] 61 root - INFO - URL_Length-> p-value: 0.9999968024420123, Drift: False
[2025-04-25 21:26:41,731] 61 root - INFO - Shortining_Service-> p-value: 1.0, Drift: False
[2025-04-25 21:26:41,737] 61 root - INFO - having_At_Symbol-> p-value: 1.0, Drift: False
[2025-04-25 21:26:41,738] 61 root - INFO - double_slash_redirecting-> p-value: 0.9987482621359622, Drift: False
[2025-04-25 21:26:41,740] 61 root - INFO - Prefix_Suffix-> p-value: 0.9464914399762034, Drift: False
[2025-04-25 21:26:41,742] 61 root - INFO - having_Sub_Domain-> p-value: 0.7786981711104273, Drift: False
[2025-04-25 21:26:41,743] 61 root - INFO - SSLfinal_State-> p-value: 0.26123679341792805, Drift: False
[2025-04-25 21:26:41,750] 61 root - INFO - Domain_registeration_length-> p-value: 1.0, Drift: False
[2025-04-25 21:26:41,755] 61 root - INFO - Favicon-> p-value: 1.0, Drift: False
[2025-04-25 21:26:41,760] 61 root - INFO - port-> p-value: 1.0, Drift: False
[2025-04-25 21:26:41,766] 61 root - INFO - HTTPS_token-> p-value: 1.0, Drift: False
[2025-04-25 21:26:41,767] 61 root - INFO - Request_URL-> p-value: 0.9981098952009998, Drift: False
[2025-04-25 21:26:41,769] 61 root - INFO - URL_of_Anchor-> p-value: 0.9039295322201338, Drift: False
[2025-04-25 21:26:41,772] 61 root - INFO - Links_in_tags-> p-value: 0.5721131577781299, Drift: False
[2025-04-25 21:26:41,774] 61 root - INFO - SFH-> p-value: 0.9317405428221567, Drift: False
[2025-04-25 21:26:41,779] 61 root - INFO - Submitting_to_email-> p-value: 1.0, Drift: False
[2025-04-25 21:26:41,785] 61 root - INFO - Abnormal_URL-> p-value: 0.9999999881751745, Drift: False
[2025-04-25 21:26:41,787] 61 root - INFO - Redirect-> p-value: 1.0, Drift: False
[2025-04-25 21:26:41,792] 61 root - INFO - on_mouseover-> p-value: 1.0, Drift: False
[2025-04-25 21:26:41,798] 61 root - INFO - RightClick-> p-value: 1.0, Drift: False
[2025-04-25 21:26:41,803] 61 root - INFO - popUpWidnow-> p-value: 1.0, Drift: False
[2025-04-25 21:26:41,809] 61 root - INFO - Iframe-> p-value: 0.9999999999992943, Drift: False
[2025-04-25 21:26:41,811] 61 root - INFO - age_of_domain-> p-value: 0.3220351963498327, Drift: False
[2025-04-25 21:26:41,812] 61 root - INFO - DNSRecord-> p-value: 0.9992001088769269, Drift: False
[2025-04-25 21:26:41,814] 61 root - INFO - web_traffic-> p-value: 0.28298071551546533, Drift: False
[2025-04-25 21:26:41,816] 61 root - INFO - Page_Rank-> p-value: 0.9874069762258927, Drift: False
[2025-04-25 21:26:41,821] 61 root - INFO - Google_Index-> p-value: 1.0, Drift: False
[2025-04-25 21:26:41,823] 61 root - INFO - Links_pointing_to_page-> p-value: 0.9874069762258906, Drift: False
[2025-04-25 21:26:41,829] 61 root - INFO - Statistical_report-> p-value: 1.0, Drift: False
[2025-04-25 21:26:41,831] 61 root - INFO - Result-> p-value: 0.9995088059095283, Drift: False
[2025-04-25 21:26:41,931] 50 root - INFO - data validation completed
[2025-04-25 21:26:41,931] 57 root - INFO - Initiate the data transformation
[2025-04-25 21:26:41,932] 62 root - INFO - Entered initiate_data_transformation method of DataTransformation class
[2025-04-25 21:26:41,932] 64 root - INFO - starting data transformation
[2025-04-25 21:26:41,963] 47 root - INFO - Entered get_data_stransformer_object method of transformation class
[2025-04-25 21:26:41,963] 52 root - INFO - Initialise KNNImputer with {'missing_values': nan, 'n_neighbors': 3, 'weights': 'uniform'}
[2025-04-25 21:26:41,976] 49 root - INFO - Entered the save_object method of Main Utils class
[2025-04-25 21:26:41,978] 53 root - INFO - Exited the save_object method of Main Utils class
[2025-04-25 21:26:41,978] 49 root - INFO - Entered the save_object method of Main Utils class
[2025-04-25 21:26:41,981] 53 root - INFO - Exited the save_object method of Main Utils class
[2025-04-25 21:26:41,983] 63 root - INFO - data transformation completed
