[2025-04-24 15:04:03,768] 16 root - INFO - Initiate the data ingestion
[2025-04-24 15:04:06,988] 65 root - INFO - Performed train test split on the dataframe
[2025-04-24 15:04:06,988] 66 root - INFO - Exited split_data_as_train_test method of Data_Ingestion class
[2025-04-24 15:04:06,988] 70 root - INFO - Exporting train and test file path
[2025-04-24 15:04:07,043] 78 root - INFO - Exported train and test file path
[2025-04-24 15:04:07,044] 22 root - INFO - Data initiation Completed
[2025-04-24 15:04:07,044] 25 root - INFO - Initiate the data validation
[2025-04-24 15:04:07,092] 37 root - INFO - Required number of columns:2
[2025-04-24 15:04:07,092] 38 root - INFO - Data Frame has columns: 31
[2025-04-24 15:04:07,093] 37 root - INFO - Required number of columns:2
[2025-04-24 15:04:07,093] 38 root - INFO - Data Frame has columns: 31
[2025-04-24 15:04:07,094] 61 root - INFO - having_IP_Address-> p-value: 0.17067902861745166, Drift: False
[2025-04-24 15:04:07,095] 61 root - INFO - URL_Length-> p-value: 0.9998388206083407, Drift: False
[2025-04-24 15:04:07,098] 61 root - INFO - Shortining_Service-> p-value: 1.0, Drift: False
[2025-04-24 15:04:07,101] 61 root - INFO - having_At_Symbol-> p-value: 1.0, Drift: False
[2025-04-24 15:04:07,104] 61 root - INFO - double_slash_redirecting-> p-value: 0.999999999973084, Drift: False
[2025-04-24 15:04:07,107] 61 root - INFO - Prefix_Suffix-> p-value: 1.0, Drift: False
[2025-04-24 15:04:07,111] 61 root - INFO - having_Sub_Domain-> p-value: 0.999999999870135, Drift: False
[2025-04-24 15:04:07,112] 61 root - INFO - SSLfinal_State-> p-value: 0.9863226193637479, Drift: False
[2025-04-24 15:04:07,115] 61 root - INFO - Domain_registeration_length-> p-value: 0.999999999988434, Drift: False
[2025-04-24 15:04:07,118] 61 root - INFO - Favicon-> p-value: 1.0, Drift: False
[2025-04-24 15:04:07,120] 61 root - INFO - port-> p-value: 1.0, Drift: False
[2025-04-24 15:04:07,123] 61 root - INFO - HTTPS_token-> p-value: 1.0, Drift: False
[2025-04-24 15:04:07,127] 61 root - INFO - Request_URL-> p-value: 0.9999999439197564, Drift: False
[2025-04-24 15:04:07,129] 61 root - INFO - URL_of_Anchor-> p-value: 0.18647660895911156, Drift: False
[2025-04-24 15:04:07,130] 61 root - INFO - Links_in_tags-> p-value: 0.36906397715885964, Drift: False
[2025-04-24 15:04:07,134] 61 root - INFO - SFH-> p-value: 0.9999988894018609, Drift: False
[2025-04-24 15:04:07,134] 61 root - INFO - Submitting_to_email-> p-value: 0.9997610012014628, Drift: False
[2025-04-24 15:04:07,137] 61 root - INFO - Abnormal_URL-> p-value: 0.9999999999999994, Drift: False
[2025-04-24 15:04:07,140] 61 root - INFO - Redirect-> p-value: 1.0, Drift: False
[2025-04-24 15:04:07,143] 61 root - INFO - on_mouseover-> p-value: 1.0, Drift: False
[2025-04-24 15:04:07,146] 61 root - INFO - RightClick-> p-value: 1.0, Drift: False
[2025-04-24 15:04:07,149] 61 root - INFO - popUpWidnow-> p-value: 1.0, Drift: False
[2025-04-24 15:04:07,152] 61 root - INFO - Iframe-> p-value: 1.0, Drift: False
[2025-04-24 15:04:07,153] 61 root - INFO - age_of_domain-> p-value: 0.9972361772209787, Drift: False
[2025-04-24 15:04:07,156] 61 root - INFO - DNSRecord-> p-value: 1.0, Drift: False
[2025-04-24 15:04:07,157] 61 root - INFO - web_traffic-> p-value: 0.9378891333552324, Drift: False
[2025-04-24 15:04:07,160] 61 root - INFO - Page_Rank-> p-value: 1.0, Drift: False
[2025-04-24 15:04:07,163] 61 root - INFO - Google_Index-> p-value: 1.0, Drift: False
[2025-04-24 15:04:07,164] 61 root - INFO - Links_pointing_to_page-> p-value: 0.3872051413869312, Drift: False
[2025-04-24 15:04:07,167] 61 root - INFO - Statistical_report-> p-value: 0.999999999870135, Drift: False
[2025-04-24 15:04:07,169] 61 root - INFO - Result-> p-value: 0.9960739355626307, Drift: False
[2025-04-24 15:04:07,227] 30 root - INFO - data validation completed
[2025-04-24 15:04:07,227] 33 root - INFO - Initiate the data transformation
[2025-04-24 15:04:07,227] 62 root - INFO - Entered initiate_data_transformation method of DataTransformation class
[2025-04-24 15:04:07,227] 64 root - INFO - starting data transformation
[2025-04-24 15:04:07,252] 47 root - INFO - Entered get_data_stransformer_object method of transformation class
[2025-04-24 15:04:07,252] 52 root - INFO - Initialise KNNImputer with {'missing_values': nan, 'n_neighbors': 3, 'weights': 'uniform'}
[2025-04-24 15:04:07,259] 49 root - INFO - Entered the save_object method of Main Utils class
[2025-04-24 15:04:07,262] 53 root - INFO - Exited the save_object method of Main Utils class
[2025-04-24 15:04:07,263] 38 root - INFO - data transformation completed
[2025-04-24 15:04:07,264] 41 root - INFO - Initiate the model training
