[2025-04-24 21:43:32,131] 1025 httpx - INFO - HTTP Request: GET https://dagshub.com/api/v1/user "HTTP/1.1 200 OK"
[2025-04-24 21:43:32,134] 107 dagshub - INFO - Accessing as HariSudhan76
[2025-04-24 21:43:32,484] 1025 httpx - INFO - HTTP Request: GET https://dagshub.com/api/v1/repos/HariSudhan76/MLOPS_Project "HTTP/1.1 200 OK"
[2025-04-24 21:43:32,815] 1025 httpx - INFO - HTTP Request: GET https://dagshub.com/api/v1/user "HTTP/1.1 200 OK"
[2025-04-24 21:43:32,817] 107 dagshub - INFO - Initialized MLflow to track repo "HariSudhan76/MLOPS_Project"
[2025-04-24 21:43:32,817] 107 dagshub - INFO - Repository HariSudhan76/MLOPS_Project initialized!
[2025-04-24 21:43:32,817] 16 root - INFO - Initiate the data ingestion
[2025-04-24 21:43:36,282] 65 root - INFO - Performed train test split on the dataframe
[2025-04-24 21:43:36,282] 66 root - INFO - Exited split_data_as_train_test method of Data_Ingestion class
[2025-04-24 21:43:36,283] 70 root - INFO - Exporting train and test file path
[2025-04-24 21:43:36,339] 78 root - INFO - Exported train and test file path
[2025-04-24 21:43:36,341] 22 root - INFO - Data initiation Completed
[2025-04-24 21:43:36,341] 25 root - INFO - Initiate the data validation
[2025-04-24 21:43:36,394] 37 root - INFO - Required number of columns:2
[2025-04-24 21:43:36,394] 38 root - INFO - Data Frame has columns: 31
[2025-04-24 21:43:36,394] 37 root - INFO - Required number of columns:2
[2025-04-24 21:43:36,394] 38 root - INFO - Data Frame has columns: 31
[2025-04-24 21:43:36,395] 61 root - INFO - having_IP_Address-> p-value: 0.9798953580695301, Drift: False
[2025-04-24 21:43:36,399] 61 root - INFO - URL_Length-> p-value: 0.9999999439197564, Drift: False
[2025-04-24 21:43:36,402] 61 root - INFO - Shortining_Service-> p-value: 0.9999745994767623, Drift: False
[2025-04-24 21:43:36,405] 61 root - INFO - having_At_Symbol-> p-value: 1.0, Drift: False
[2025-04-24 21:43:36,405] 61 root - INFO - double_slash_redirecting-> p-value: 0.9987482621359622, Drift: False
[2025-04-24 21:43:36,406] 61 root - INFO - Prefix_Suffix-> p-value: 0.9981098952009998, Drift: False
[2025-04-24 21:43:36,410] 61 root - INFO - having_Sub_Domain-> p-value: 0.9999999932691597, Drift: False
[2025-04-24 21:43:36,413] 61 root - INFO - SSLfinal_State-> p-value: 1.0, Drift: False
[2025-04-24 21:43:36,415] 61 root - INFO - Domain_registeration_length-> p-value: 0.39182520488294037, Drift: False
[2025-04-24 21:43:36,418] 61 root - INFO - Favicon-> p-value: 1.0, Drift: False
[2025-04-24 21:43:36,421] 61 root - INFO - port-> p-value: 1.0, Drift: False
[2025-04-24 21:43:36,422] 61 root - INFO - HTTPS_token-> p-value: 0.9951111803133281, Drift: False
[2025-04-24 21:43:36,423] 61 root - INFO - Request_URL-> p-value: 0.2245984989063995, Drift: False
[2025-04-24 21:43:36,427] 61 root - INFO - URL_of_Anchor-> p-value: 0.9999983994854099, Drift: False
[2025-04-24 21:43:36,428] 61 root - INFO - Links_in_tags-> p-value: 0.9751784512217775, Drift: False
[2025-04-24 21:43:36,432] 61 root - INFO - SFH-> p-value: 1.0, Drift: False
[2025-04-24 21:43:36,435] 61 root - INFO - Submitting_to_email-> p-value: 0.99999999945476, Drift: False
[2025-04-24 21:43:36,438] 61 root - INFO - Abnormal_URL-> p-value: 1.0, Drift: False
[2025-04-24 21:43:36,440] 61 root - INFO - Redirect-> p-value: 0.9999148748234266, Drift: False
[2025-04-24 21:43:36,440] 61 root - INFO - on_mouseover-> p-value: 0.9783976116108047, Drift: False
[2025-04-24 21:43:36,443] 61 root - INFO - RightClick-> p-value: 1.0, Drift: False
[2025-04-24 21:43:36,446] 61 root - INFO - popUpWidnow-> p-value: 0.9999999999952338, Drift: False
[2025-04-24 21:43:36,449] 61 root - INFO - Iframe-> p-value: 1.0, Drift: False
[2025-04-24 21:43:36,452] 61 root - INFO - age_of_domain-> p-value: 0.999991733805822, Drift: False
[2025-04-24 21:43:36,455] 61 root - INFO - DNSRecord-> p-value: 1.0, Drift: False
[2025-04-24 21:43:36,459] 61 root - INFO - web_traffic-> p-value: 1.0, Drift: False
[2025-04-24 21:43:36,460] 61 root - INFO - Page_Rank-> p-value: 0.9751784512217775, Drift: False
[2025-04-24 21:43:36,463] 61 root - INFO - Google_Index-> p-value: 1.0, Drift: False
[2025-04-24 21:43:36,465] 61 root - INFO - Links_pointing_to_page-> p-value: 0.9919224549559418, Drift: False
[2025-04-24 21:43:36,465] 61 root - INFO - Statistical_report-> p-value: 0.9995865036983179, Drift: False
[2025-04-24 21:43:36,466] 61 root - INFO - Result-> p-value: 0.9768257339308284, Drift: False
[2025-04-24 21:43:36,526] 30 root - INFO - data validation completed
[2025-04-24 21:43:36,526] 33 root - INFO - Initiate the data transformation
[2025-04-24 21:43:36,526] 62 root - INFO - Entered initiate_data_transformation method of DataTransformation class
[2025-04-24 21:43:36,526] 64 root - INFO - starting data transformation
[2025-04-24 21:43:36,549] 47 root - INFO - Entered get_data_stransformer_object method of transformation class
[2025-04-24 21:43:36,549] 52 root - INFO - Initialise KNNImputer with {'missing_values': nan, 'n_neighbors': 3, 'weights': 'uniform'}
[2025-04-24 21:43:36,558] 49 root - INFO - Entered the save_object method of Main Utils class
[2025-04-24 21:43:36,560] 53 root - INFO - Exited the save_object method of Main Utils class
[2025-04-24 21:43:36,560] 49 root - INFO - Entered the save_object method of Main Utils class
[2025-04-24 21:43:36,562] 53 root - INFO - Exited the save_object method of Main Utils class
[2025-04-24 21:43:36,564] 38 root - INFO - data transformation completed
[2025-04-24 21:43:36,564] 41 root - INFO - Initiate the model training
[2025-04-24 21:47:43,997] 49 root - INFO - Entered the save_object method of Main Utils class
[2025-04-24 21:47:43,998] 53 root - INFO - Exited the save_object method of Main Utils class
[2025-04-24 21:47:43,998] 49 root - INFO - Entered the save_object method of Main Utils class
[2025-04-24 21:47:44,004] 53 root - INFO - Exited the save_object method of Main Utils class
[2025-04-24 21:47:44,004] 114 root - INFO - Model trainer artifact: ModelTrainerArtifact(trained_model_file_path=<networksecurity.entity.config_entity.ModelTrainerConfig object at 0x00000276D8F49C00>, train_metric_artifact=ClassificationMetricArtifact(f1_score=0.9909058578468729, precision_score=0.9927720655604194, recall_score=0.9927720655604194), test_metric_artifact=ClassificationMetricArtifact(f1_score=0.9865650691798676, precision_score=0.9875551987153753, recall_score=0.9875551987153753))
[2025-04-24 21:47:44,005] 46 root - INFO - Model training completed
