[2025-04-26 12:02:53,223] 1025 httpx - INFO - HTTP Request: GET https://dagshub.com/api/v1/user "HTTP/1.1 200 OK"
[2025-04-26 12:02:53,225] 107 dagshub - INFO - Accessing as HariSudhan76
[2025-04-26 12:02:53,576] 1025 httpx - INFO - HTTP Request: GET https://dagshub.com/api/v1/repos/HariSudhan76/MLOPS_Project "HTTP/1.1 200 OK"
[2025-04-26 12:02:53,893] 1025 httpx - INFO - HTTP Request: GET https://dagshub.com/api/v1/user "HTTP/1.1 200 OK"
[2025-04-26 12:02:53,893] 107 dagshub - INFO - Initialized MLflow to track repo "HariSudhan76/MLOPS_Project"
[2025-04-26 12:02:53,895] 107 dagshub - INFO - Repository HariSudhan76/MLOPS_Project initialized!
[2025-04-26 12:03:22,573] 34 root - INFO - start data Ingestion
[2025-04-26 12:03:25,893] 65 root - INFO - Performed train test split on the dataframe
[2025-04-26 12:03:25,893] 66 root - INFO - Exited split_data_as_train_test method of Data_Ingestion class
[2025-04-26 12:03:25,893] 70 root - INFO - Exporting train and test file path
[2025-04-26 12:03:26,006] 78 root - INFO - Exported train and test file path
[2025-04-26 12:03:26,007] 37 root - INFO - Data Ingestion Completed and artifact: DataIngestionArtifact(trained_file_path='Artifacts\\04_26_2025_12_02_51\\data_ingestion\\ingested\\train.csv', test_file_path='Artifacts\\04_26_2025_12_02_51\\data_ingestion\\ingested\\test.csv')
[2025-04-26 12:03:26,009] 46 root - INFO - Initiate the data validation
[2025-04-26 12:03:26,171] 37 root - INFO - Required number of columns:2
[2025-04-26 12:03:26,173] 38 root - INFO - Data Frame has columns: 31
[2025-04-26 12:03:26,173] 37 root - INFO - Required number of columns:2
[2025-04-26 12:03:26,173] 38 root - INFO - Data Frame has columns: 31
[2025-04-26 12:03:26,178] 61 root - INFO - having_IP_Address-> p-value: 1.0, Drift: False
[2025-04-26 12:03:26,180] 61 root - INFO - URL_Length-> p-value: 0.9939782507422378, Drift: False
[2025-04-26 12:03:26,186] 61 root - INFO - Shortining_Service-> p-value: 1.0, Drift: False
[2025-04-26 12:03:26,191] 61 root - INFO - having_At_Symbol-> p-value: 0.9999999999981217, Drift: False
[2025-04-26 12:03:26,196] 61 root - INFO - double_slash_redirecting-> p-value: 1.0, Drift: False
[2025-04-26 12:03:26,202] 61 root - INFO - Prefix_Suffix-> p-value: 0.9999999439197564, Drift: False
[2025-04-26 12:03:26,203] 61 root - INFO - having_Sub_Domain-> p-value: 0.993342628719162, Drift: False
[2025-04-26 12:03:26,210] 61 root - INFO - SSLfinal_State-> p-value: 0.9999999999992943, Drift: False
[2025-04-26 12:03:26,215] 61 root - INFO - Domain_registeration_length-> p-value: 0.999991733805822, Drift: False
[2025-04-26 12:03:26,220] 61 root - INFO - Favicon-> p-value: 0.9999888959498077, Drift: False
[2025-04-26 12:03:26,226] 61 root - INFO - port-> p-value: 1.0, Drift: False
[2025-04-26 12:03:26,231] 61 root - INFO - HTTPS_token-> p-value: 1.0, Drift: False
[2025-04-26 12:03:26,232] 61 root - INFO - Request_URL-> p-value: 0.9998388206083407, Drift: False
[2025-04-26 12:03:26,233] 61 root - INFO - URL_of_Anchor-> p-value: 0.9437071398449918, Drift: False
[2025-04-26 12:03:26,236] 61 root - INFO - Links_in_tags-> p-value: 0.9964968277601536, Drift: False
[2025-04-26 12:03:26,242] 61 root - INFO - SFH-> p-value: 1.0, Drift: False
[2025-04-26 12:03:26,246] 61 root - INFO - Submitting_to_email-> p-value: 1.0, Drift: False
[2025-04-26 12:03:26,253] 61 root - INFO - Abnormal_URL-> p-value: 0.999991733805822, Drift: False
[2025-04-26 12:03:26,256] 61 root - INFO - Redirect-> p-value: 1.0, Drift: False
[2025-04-26 12:03:26,259] 61 root - INFO - on_mouseover-> p-value: 0.9999999999999919, Drift: False
[2025-04-26 12:03:26,262] 61 root - INFO - RightClick-> p-value: 1.0, Drift: False
[2025-04-26 12:03:26,263] 61 root - INFO - popUpWidnow-> p-value: 0.8922329684446537, Drift: False
[2025-04-26 12:03:26,265] 61 root - INFO - Iframe-> p-value: 0.9999977235497168, Drift: False
[2025-04-26 12:03:26,267] 61 root - INFO - age_of_domain-> p-value: 0.2867273548496636, Drift: False
[2025-04-26 12:03:26,268] 61 root - INFO - DNSRecord-> p-value: 1.0, Drift: False
[2025-04-26 12:03:26,270] 61 root - INFO - web_traffic-> p-value: 0.5014212995772704, Drift: False
[2025-04-26 12:03:26,271] 61 root - INFO - Page_Rank-> p-value: 1.0, Drift: False
[2025-04-26 12:03:26,274] 61 root - INFO - Google_Index-> p-value: 0.9999999999999994, Drift: False
[2025-04-26 12:03:26,277] 61 root - INFO - Links_pointing_to_page-> p-value: 0.9999999999999999, Drift: False
[2025-04-26 12:03:26,279] 61 root - INFO - Statistical_report-> p-value: 0.9697727875445914, Drift: False
[2025-04-26 12:03:26,282] 61 root - INFO - Result-> p-value: 1.0, Drift: False
[2025-04-26 12:03:26,386] 50 root - INFO - data validation completed
[2025-04-26 12:03:26,386] 57 root - INFO - Initiate the data transformation
[2025-04-26 12:03:26,386] 62 root - INFO - Entered initiate_data_transformation method of DataTransformation class
[2025-04-26 12:03:26,386] 64 root - INFO - starting data transformation
[2025-04-26 12:03:26,416] 47 root - INFO - Entered get_data_stransformer_object method of transformation class
[2025-04-26 12:03:26,416] 52 root - INFO - Initialise KNNImputer with {'missing_values': nan, 'n_neighbors': 3, 'weights': 'uniform'}
[2025-04-26 12:03:26,428] 49 root - INFO - Entered the save_object method of Main Utils class
[2025-04-26 12:03:26,431] 53 root - INFO - Exited the save_object method of Main Utils class
[2025-04-26 12:03:26,431] 49 root - INFO - Entered the save_object method of Main Utils class
[2025-04-26 12:03:26,433] 53 root - INFO - Exited the save_object method of Main Utils class
[2025-04-26 12:03:26,436] 63 root - INFO - data transformation completed
[2025-04-26 12:08:34,043] 49 root - INFO - Entered the save_object method of Main Utils class
[2025-04-26 12:08:34,043] 53 root - INFO - Exited the save_object method of Main Utils class
[2025-04-26 12:08:34,043] 49 root - INFO - Entered the save_object method of Main Utils class
[2025-04-26 12:08:34,046] 53 root - INFO - Exited the save_object method of Main Utils class
[2025-04-26 12:08:34,046] 114 root - INFO - Model trainer artifact: ModelTrainerArtifact(trained_model_file_path='Artifacts\\04_26_2025_12_02_51\\model_trainer\\trained_model\\model.pkl', train_metric_artifact=ClassificationMetricArtifact(f1_score=0.9907689186447556, precision_score=0.9908694328903317, recall_score=0.9908694328903317), test_metric_artifact=ClassificationMetricArtifact(f1_score=0.9873881204231082, precision_score=0.9877899877899878, recall_score=0.9877899877899878))
